version 0.0.6.0:
+added proxies
+added mcmod.info
+updated Reference class

version 0.0.5.0:
shortened version number

version 0.00.004.0000:
+redid build.gradle
+updated gradle-wrapper.properties
+added preInit, Init and postInit
+prints a message in console on succesful preInit, Init and postInit

version 0.00.003.0000:
+updated Morewoods.java
+added reference package
+added reference.java
+added utility package
+added LogHelper.java

version 0.00.002.0000:
now able to load in minecraft!
+updated Morewoods.java

version 0.00.001.0000:
initial dev release
+build.gradle
+gradlew
+gradlew.bat
+gradle-wrapper.jar
+gradle-wrapper.properties
+CHANGELOG.log
+updated README.md
+Morewoods.java